<?xml version="1.0" encoding="UTF-8"?>
<!-- Generated by org.testng.reporters.JUnitXMLReporter -->
<testsuite ignored="0" hostname="DESKTOP-JA0HHIQ" failures="0" tests="7" name="Accounts Page Test" time="21.024" errors="0" timestamp="2024-06-21T15:32:22 IST">
  <testcase classname="com.qa.opencart.tests.AccountsPageTest" name="accPageHeadersTest" time="0.171"/>
  <testcase classname="com.qa.opencart.tests.AccountsPageTest" name="accPageURLTest" time="0.026"/>
  <testcase classname="com.qa.opencart.tests.AccountsPageTest" name="actPageTitleTest" time="0.031"/>
  <testcase classname="com.qa.opencart.tests.AccountsPageTest" name="searchTest" time="1.7"/>
  <testcase classname="com.qa.opencart.tests.AccountsPageTest" name="searchTest" time="0.771"/>
  <testcase classname="com.qa.opencart.tests.AccountsPageTest" name="searchTest" time="0.685"/>
  <testcase classname="com.qa.opencart.tests.AccountsPageTest" name="searchTest" time="0.715"/>
</testsuite> <!-- Accounts Page Test -->
