<?xml version="1.0" encoding="UTF-8"?>
<!-- Generated by org.testng.reporters.JUnitXMLReporter -->
<testsuite ignored="0" hostname="DESKTOP-JA0HHIQ" failures="0" tests="4" name="Login Page Test" time="18.976" errors="0" timestamp="2024-07-12T16:50:26 IST">
  <testcase classname="com.qa.opencart.tests.LoginPageTest" name="loginPageTitleTest" time="0.197"/>
  <testcase classname="com.qa.opencart.tests.LoginPageTest" name="loginPageURLTest" time="5.21"/>
  <testcase classname="com.qa.opencart.tests.LoginPageTest" name="forgotPwdLinkExistTest" time="0.054"/>
  <testcase classname="com.qa.opencart.tests.LoginPageTest" name="loginTest" time="1.459"/>
</testsuite> <!-- Login Page Test -->
