<?xml version="1.0" encoding="UTF-8"?>
<!-- Generated by org.testng.reporters.JUnitXMLReporter -->
<testsuite ignored="0" hostname="DESKTOP-JA0HHIQ" failures="0" tests="4" name="Login Page Test _ chrome" time="22.914" errors="0" timestamp="2024-07-01T21:30:17 IST">
  <testcase classname="com.qa.opencart.tests.LoginPageTest" name="loginPageTitleTest" time="0.285"/>
  <testcase classname="com.qa.opencart.tests.LoginPageTest" name="loginPageURLTest" time="5.177"/>
  <testcase classname="com.qa.opencart.tests.LoginPageTest" name="forgotPwdLinkExistTest" time="0.067"/>
  <testcase classname="com.qa.opencart.tests.LoginPageTest" name="loginTest" time="1.162"/>
</testsuite> <!-- Login Page Test _ chrome -->
