<?xml version="1.0" encoding="UTF-8"?>
<!-- Generated by org.testng.reporters.JUnitXMLReporter -->
<testsuite ignored="0" hostname="DESKTOP-JA0HHIQ" failures="0" tests="3" name="Default test" time="27.991" errors="0" timestamp="2024-07-03T17:17:41 IST">
  <testcase classname="com.qa.opencart.tests.RegisterPageTest" name="userRegisterationTest" time="4.988"/>
  <testcase classname="com.qa.opencart.tests.RegisterPageTest" name="userRegisterationTest" time="4.878"/>
  <testcase classname="com.qa.opencart.tests.RegisterPageTest" name="userRegisterationTest" time="5.563"/>
</testsuite> <!-- Default test -->
