<?xml version="1.0" encoding="UTF-8"?>
<!-- Generated by org.testng.reporters.JUnitXMLReporter -->
<testsuite ignored="0" hostname="DESKTOP-JA0HHIQ" failures="0" tests="3" name="Default test" time="19.074" errors="0" timestamp="2024-07-12T13:59:28 IST">
  <testcase classname="com.qa.opencart.tests.RegisterPageTest" name="userRegisterationTest" time="2.846"/>
  <testcase classname="com.qa.opencart.tests.RegisterPageTest" name="userRegisterationTest" time="2.543"/>
  <testcase classname="com.qa.opencart.tests.RegisterPageTest" name="userRegisterationTest" time="2.479"/>
</testsuite> <!-- Default test -->
