<?xml version="1.0" encoding="UTF-8"?>
<!-- Generated by org.testng.reporters.JUnitXMLReporter -->
<testsuite ignored="0" hostname="DESKTOP-JA0HHIQ" failures="0" tests="4" name="Login Page Test" time="14.508" errors="0" timestamp="2024-07-09T16:38:20 IST">
  <testcase classname="com.qa.opencart.tests.LoginPageTest" name="loginPageTitleTest" time="0.042"/>
  <testcase classname="com.qa.opencart.tests.LoginPageTest" name="loginPageURLTest" time="5.246"/>
  <testcase classname="com.qa.opencart.tests.LoginPageTest" name="forgotPwdLinkExistTest" time="0.077"/>
  <testcase classname="com.qa.opencart.tests.LoginPageTest" name="loginTest" time="0.929"/>
</testsuite> <!-- Login Page Test -->
