<?xml version="1.0" encoding="UTF-8"?>
<testng-results ignored="0" total="4" passed="4" failed="0" skipped="0">
  <reporter-output>
  </reporter-output>
  <suite started-at="2024-07-09T16:38:05 IST" name="Opencart App Test Regression Suite" finished-at="2024-07-09T16:38:20 IST" duration-ms="14508">
    <groups>
    </groups>
    <test started-at="2024-07-09T16:38:05 IST" name="Login Page Test" finished-at="2024-07-09T16:38:20 IST" duration-ms="14508">
      <class name="com.qa.opencart.tests.LoginPageTest">
        <test-method is-config="true" signature="setUp(java.lang.String)[pri:0, instance:com.qa.opencart.tests.LoginPageTest@5276e6b0]" started-at="2024-07-09T16:38:05 IST" name="setUp" finished-at="2024-07-09T16:38:13 IST" duration-ms="7825" status="PASS">
          <params>
            <param index="0">
              <value>
                <![CDATA[chrome]]>
              </value>
            </param>
          </params>
          <reporter-output>
          </reporter-output>
        </test-method> <!-- setUp -->
        <test-method signature="loginPageTitleTest()[pri:1, instance:com.qa.opencart.tests.LoginPageTest@5276e6b0]" started-at="2024-07-09T16:38:13 IST" name="loginPageTitleTest" finished-at="2024-07-09T16:38:13 IST" duration-ms="42" status="PASS">
          <reporter-output>
          </reporter-output>
        </test-method> <!-- loginPageTitleTest -->
        <test-method signature="loginPageURLTest()[pri:2, instance:com.qa.opencart.tests.LoginPageTest@5276e6b0]" started-at="2024-07-09T16:38:13 IST" name="loginPageURLTest" finished-at="2024-07-09T16:38:19 IST" duration-ms="5246" status="PASS">
          <reporter-output>
          </reporter-output>
        </test-method> <!-- loginPageURLTest -->
        <test-method signature="forgotPwdLinkExistTest()[pri:3, instance:com.qa.opencart.tests.LoginPageTest@5276e6b0]" started-at="2024-07-09T16:38:19 IST" name="forgotPwdLinkExistTest" finished-at="2024-07-09T16:38:19 IST" duration-ms="77" status="PASS">
          <reporter-output>
          </reporter-output>
        </test-method> <!-- forgotPwdLinkExistTest -->
        <test-method signature="loginTest()[pri:4, instance:com.qa.opencart.tests.LoginPageTest@5276e6b0]" started-at="2024-07-09T16:38:19 IST" name="loginTest" finished-at="2024-07-09T16:38:20 IST" duration-ms="929" status="PASS">
          <reporter-output>
          </reporter-output>
        </test-method> <!-- loginTest -->
        <test-method is-config="true" signature="tearDown()[pri:0, instance:com.qa.opencart.tests.LoginPageTest@5276e6b0]" started-at="2024-07-09T16:38:20 IST" name="tearDown" finished-at="2024-07-09T16:38:20 IST" duration-ms="329" status="PASS">
          <reporter-output>
          </reporter-output>
        </test-method> <!-- tearDown -->
      </class> <!-- com.qa.opencart.tests.LoginPageTest -->
    </test> <!-- Login Page Test -->
  </suite> <!-- Opencart App Test Regression Suite -->
</testng-results>
