<?xml version="1.0" encoding="UTF-8"?>
<testng-results ignored="0" total="3" passed="3" failed="0" skipped="0">
  <reporter-output>
  </reporter-output>
  <suite started-at="2024-07-03T17:17:13 IST" name="Default suite" finished-at="2024-07-03T17:17:41 IST" duration-ms="27991">
    <groups>
    </groups>
    <test started-at="2024-07-03T17:17:13 IST" name="Default test" finished-at="2024-07-03T17:17:41 IST" duration-ms="27991">
      <class name="com.qa.opencart.tests.RegisterPageTest">
        <test-method is-config="true" signature="setUp(java.lang.String)[pri:0, instance:com.qa.opencart.tests.RegisterPageTest@26d9b808]" started-at="2024-07-03T17:17:13 IST" name="setUp" finished-at="2024-07-03T17:17:22 IST" duration-ms="8914" status="PASS">
          <params>
            <param index="0">
              <value>
                <![CDATA[chrome]]>
              </value>
            </param>
          </params>
          <reporter-output>
          </reporter-output>
        </test-method> <!-- setUp -->
        <test-method is-config="true" signature="regSetup()[pri:0, instance:com.qa.opencart.tests.RegisterPageTest@26d9b808]" started-at="2024-07-03T17:17:22 IST" name="regSetup" finished-at="2024-07-03T17:17:24 IST" duration-ms="2443" status="PASS">
          <reporter-output>
          </reporter-output>
        </test-method> <!-- regSetup -->
        <test-method is-config="true" signature="navHomePage()[pri:0, instance:com.qa.opencart.tests.RegisterPageTest@26d9b808]" started-at="2024-07-03T17:17:24 IST" name="navHomePage" finished-at="2024-07-03T17:17:24 IST" duration-ms="1" status="PASS">
          <reporter-output>
          </reporter-output>
        </test-method> <!-- navHomePage -->
        <test-method signature="userRegisterationTest(java.lang.String,java.lang.String,java.lang.String,java.lang.String,java.lang.String)[pri:0, instance:com.qa.opencart.tests.RegisterPageTest@26d9b808]" started-at="2024-07-03T17:17:24 IST" name="userRegisterationTest" data-provider="userRegTestData" finished-at="2024-07-03T17:17:29 IST" duration-ms="4988" status="PASS">
          <params>
            <param index="0">
              <value>
                <![CDATA[Arti]]>
              </value>
            </param>
            <param index="1">
              <value>
                <![CDATA[automation]]>
              </value>
            </param>
            <param index="2">
              <value>
                <![CDATA[9876787656]]>
              </value>
            </param>
            <param index="3">
              <value>
                <![CDATA[arti@123]]>
              </value>
            </param>
            <param index="4">
              <value>
                <![CDATA[yes]]>
              </value>
            </param>
          </params>
          <reporter-output>
          </reporter-output>
        </test-method> <!-- userRegisterationTest -->
        <test-method is-config="true" signature="navHomePage()[pri:0, instance:com.qa.opencart.tests.RegisterPageTest@26d9b808]" started-at="2024-07-03T17:17:29 IST" name="navHomePage" finished-at="2024-07-03T17:17:29 IST" duration-ms="7" status="PASS">
          <reporter-output>
          </reporter-output>
        </test-method> <!-- navHomePage -->
        <test-method signature="userRegisterationTest(java.lang.String,java.lang.String,java.lang.String,java.lang.String,java.lang.String)[pri:0, instance:com.qa.opencart.tests.RegisterPageTest@26d9b808]" started-at="2024-07-03T17:17:29 IST" name="userRegisterationTest" data-provider="userRegTestData" finished-at="2024-07-03T17:17:34 IST" duration-ms="4878" status="PASS">
          <params>
            <param index="0">
              <value>
                <![CDATA[praful]]>
              </value>
            </param>
            <param index="1">
              <value>
                <![CDATA[automation]]>
              </value>
            </param>
            <param index="2">
              <value>
                <![CDATA[9876787656]]>
              </value>
            </param>
            <param index="3">
              <value>
                <![CDATA[apraful@123]]>
              </value>
            </param>
            <param index="4">
              <value>
                <![CDATA[no]]>
              </value>
            </param>
          </params>
          <reporter-output>
          </reporter-output>
        </test-method> <!-- userRegisterationTest -->
        <test-method is-config="true" signature="navHomePage()[pri:0, instance:com.qa.opencart.tests.RegisterPageTest@26d9b808]" started-at="2024-07-03T17:17:34 IST" name="navHomePage" finished-at="2024-07-03T17:17:34 IST" duration-ms="0" status="PASS">
          <reporter-output>
          </reporter-output>
        </test-method> <!-- navHomePage -->
        <test-method signature="userRegisterationTest(java.lang.String,java.lang.String,java.lang.String,java.lang.String,java.lang.String)[pri:0, instance:com.qa.opencart.tests.RegisterPageTest@26d9b808]" started-at="2024-07-03T17:17:34 IST" name="userRegisterationTest" data-provider="userRegTestData" finished-at="2024-07-03T17:17:40 IST" duration-ms="5563" status="PASS">
          <params>
            <param index="0">
              <value>
                <![CDATA[Madhu]]>
              </value>
            </param>
            <param index="1">
              <value>
                <![CDATA[automation]]>
              </value>
            </param>
            <param index="2">
              <value>
                <![CDATA[9876787876]]>
              </value>
            </param>
            <param index="3">
              <value>
                <![CDATA[madhu@123]]>
              </value>
            </param>
            <param index="4">
              <value>
                <![CDATA[yes]]>
              </value>
            </param>
          </params>
          <reporter-output>
          </reporter-output>
        </test-method> <!-- userRegisterationTest -->
        <test-method is-config="true" signature="tearDown()[pri:0, instance:com.qa.opencart.tests.RegisterPageTest@26d9b808]" started-at="2024-07-03T17:17:40 IST" name="tearDown" finished-at="2024-07-03T17:17:41 IST" duration-ms="1040" status="PASS">
          <reporter-output>
          </reporter-output>
        </test-method> <!-- tearDown -->
      </class> <!-- com.qa.opencart.tests.RegisterPageTest -->
    </test> <!-- Default test -->
  </suite> <!-- Default suite -->
</testng-results>
